  run.cpp
  MatrixVectorOp.cpp
C:\Users\Acer\Desktop\CppML\ML\source\matrix\MatrixVectorOp.cpp(69,28): warning C4018: '<': signed/unsigned mismatch
C:\Users\Acer\Desktop\CppML\ML\source\matrix\MatrixVectorOp.cpp(103): message : see reference to function template instantiation 'qlm::Status qlm::Matrix::MatrixVectorOp<std::plus<float>>(const qlm::Vector &,qlm::Matrix &,const qlm::BroadCast &,float)' being compiled
  Vector.cpp
  VectorDot.cpp
  VectorElemOp.cpp
  VectorElemWiseOp.cpp
  Test_MatrixAdd.cpp
C:\Users\Acer\Desktop\CppML\ML\include\timer.h(31,25): warning C4244: 'return': conversion from '_Rep' to 'float', possible loss of data
          with
          [
              _Rep=__int64
          ]
C:\Users\Acer\Desktop\CppML\ML\include\timer.h(30): message : while compiling class template member function 'float qlm::Timer<qlm::usec>::Duration(void) const'
C:\Users\Acer\Desktop\CppML\ML\test\include\test_utils.h(70): message : see reference to function template instantiation 'float qlm::Timer<qlm::usec>::Duration(void) const' being compiled
C:\Users\Acer\Desktop\CppML\ML\test\include\test_utils.h(70): message : see reference to class template instantiation 'qlm::Timer<qlm::usec>' being compiled
  Test_MatrixDot.cpp
C:\Users\Acer\Desktop\CppML\ML\include\timer.h(31,25): warning C4244: 'return': conversion from '_Rep' to 'float', possible loss of data
          with
          [
              _Rep=__int64
          ]
C:\Users\Acer\Desktop\CppML\ML\include\timer.h(30): message : while compiling class template member function 'float qlm::Timer<qlm::usec>::Duration(void) const'
C:\Users\Acer\Desktop\CppML\ML\test\include\test_utils.h(70): message : see reference to function template instantiation 'float qlm::Timer<qlm::usec>::Duration(void) const' being compiled
C:\Users\Acer\Desktop\CppML\ML\test\include\test_utils.h(70): message : see reference to class template instantiation 'qlm::Timer<qlm::usec>' being compiled
  Test_MatrixDiv.cpp
C:\Users\Acer\Desktop\CppML\ML\include\timer.h(31,25): warning C4244: 'return': conversion from '_Rep' to 'float', possible loss of data
          with
          [
              _Rep=__int64
          ]
C:\Users\Acer\Desktop\CppML\ML\include\timer.h(30): message : while compiling class template member function 'float qlm::Timer<qlm::usec>::Duration(void) const'
C:\Users\Acer\Desktop\CppML\ML\test\include\test_utils.h(70): message : see reference to function template instantiation 'float qlm::Timer<qlm::usec>::Duration(void) const' being compiled
C:\Users\Acer\Desktop\CppML\ML\test\include\test_utils.h(70): message : see reference to class template instantiation 'qlm::Timer<qlm::usec>' being compiled
  Test_MatrixMul.cpp
C:\Users\Acer\Desktop\CppML\ML\include\timer.h(31,25): warning C4244: 'return': conversion from '_Rep' to 'float', possible loss of data
          with
          [
              _Rep=__int64
          ]
C:\Users\Acer\Desktop\CppML\ML\include\timer.h(30): message : while compiling class template member function 'float qlm::Timer<qlm::usec>::Duration(void) const'
C:\Users\Acer\Desktop\CppML\ML\test\include\test_utils.h(70): message : see reference to function template instantiation 'float qlm::Timer<qlm::usec>::Duration(void) const' being compiled
C:\Users\Acer\Desktop\CppML\ML\test\include\test_utils.h(70): message : see reference to class template instantiation 'qlm::Timer<qlm::usec>' being compiled
  Test_MatrixScalarAdd.cpp
C:\Users\Acer\Desktop\CppML\ML\include\timer.h(31,25): warning C4244: 'return': conversion from '_Rep' to 'float', possible loss of data
          with
          [
              _Rep=__int64
          ]
C:\Users\Acer\Desktop\CppML\ML\include\timer.h(30): message : while compiling class template member function 'float qlm::Timer<qlm::usec>::Duration(void) const'
C:\Users\Acer\Desktop\CppML\ML\test\include\test_utils.h(70): message : see reference to function template instantiation 'float qlm::Timer<qlm::usec>::Duration(void) const' being compiled
C:\Users\Acer\Desktop\CppML\ML\test\include\test_utils.h(70): message : see reference to class template instantiation 'qlm::Timer<qlm::usec>' being compiled
  Test_MatrixScalarDiv.cpp
C:\Users\Acer\Desktop\CppML\ML\include\timer.h(31,25): warning C4244: 'return': conversion from '_Rep' to 'float', possible loss of data
          with
          [
              _Rep=__int64
          ]
C:\Users\Acer\Desktop\CppML\ML\include\timer.h(30): message : while compiling class template member function 'float qlm::Timer<qlm::usec>::Duration(void) const'
C:\Users\Acer\Desktop\CppML\ML\test\include\test_utils.h(70): message : see reference to function template instantiation 'float qlm::Timer<qlm::usec>::Duration(void) const' being compiled
C:\Users\Acer\Desktop\CppML\ML\test\include\test_utils.h(70): message : see reference to class template instantiation 'qlm::Timer<qlm::usec>' being compiled
  Test_MatrixScalarMul.cpp
C:\Users\Acer\Desktop\CppML\ML\include\timer.h(31,25): warning C4244: 'return': conversion from '_Rep' to 'float', possible loss of data
          with
          [
              _Rep=__int64
          ]
C:\Users\Acer\Desktop\CppML\ML\include\timer.h(30): message : while compiling class template member function 'float qlm::Timer<qlm::usec>::Duration(void) const'
C:\Users\Acer\Desktop\CppML\ML\test\include\test_utils.h(70): message : see reference to function template instantiation 'float qlm::Timer<qlm::usec>::Duration(void) const' being compiled
C:\Users\Acer\Desktop\CppML\ML\test\include\test_utils.h(70): message : see reference to class template instantiation 'qlm::Timer<qlm::usec>' being compiled
  Test_MatrixScalarSub.cpp
C:\Users\Acer\Desktop\CppML\ML\include\timer.h(31,25): warning C4244: 'return': conversion from '_Rep' to 'float', possible loss of data
          with
          [
              _Rep=__int64
          ]
C:\Users\Acer\Desktop\CppML\ML\include\timer.h(30): message : while compiling class template member function 'float qlm::Timer<qlm::usec>::Duration(void) const'
C:\Users\Acer\Desktop\CppML\ML\test\include\test_utils.h(70): message : see reference to function template instantiation 'float qlm::Timer<qlm::usec>::Duration(void) const' being compiled
C:\Users\Acer\Desktop\CppML\ML\test\include\test_utils.h(70): message : see reference to class template instantiation 'qlm::Timer<qlm::usec>' being compiled
  Test_MatrixSub.cpp
C:\Users\Acer\Desktop\CppML\ML\include\timer.h(31,25): warning C4244: 'return': conversion from '_Rep' to 'float', possible loss of data
          with
          [
              _Rep=__int64
          ]
C:\Users\Acer\Desktop\CppML\ML\include\timer.h(30): message : while compiling class template member function 'float qlm::Timer<qlm::usec>::Duration(void) const'
C:\Users\Acer\Desktop\CppML\ML\test\include\test_utils.h(70): message : see reference to function template instantiation 'float qlm::Timer<qlm::usec>::Duration(void) const' being compiled
C:\Users\Acer\Desktop\CppML\ML\test\include\test_utils.h(70): message : see reference to class template instantiation 'qlm::Timer<qlm::usec>' being compiled
  Test_MatrixTranspose.cpp
C:\Users\Acer\Desktop\CppML\ML\include\timer.h(31,25): warning C4244: 'return': conversion from '_Rep' to 'float', possible loss of data
          with
          [
              _Rep=__int64
          ]
C:\Users\Acer\Desktop\CppML\ML\include\timer.h(30): message : while compiling class template member function 'float qlm::Timer<qlm::usec>::Duration(void) const'
C:\Users\Acer\Desktop\CppML\ML\test\include\test_utils.h(70): message : see reference to function template instantiation 'float qlm::Timer<qlm::usec>::Duration(void) const' being compiled
C:\Users\Acer\Desktop\CppML\ML\test\include\test_utils.h(70): message : see reference to class template instantiation 'qlm::Timer<qlm::usec>' being compiled
  Test_MatrixVectorAdd.cpp
C:\Users\Acer\Desktop\CppML\ML\include\timer.h(31,25): warning C4244: 'return': conversion from '_Rep' to 'float', possible loss of data
          with
          [
              _Rep=__int64
          ]
C:\Users\Acer\Desktop\CppML\ML\include\timer.h(30): message : while compiling class template member function 'float qlm::Timer<qlm::usec>::Duration(void) const'
C:\Users\Acer\Desktop\CppML\ML\test\include\test_utils.h(70): message : see reference to function template instantiation 'float qlm::Timer<qlm::usec>::Duration(void) const' being compiled
C:\Users\Acer\Desktop\CppML\ML\test\include\test_utils.h(70): message : see reference to class template instantiation 'qlm::Timer<qlm::usec>' being compiled
  Test_MatrixVectorDiv.cpp
C:\Users\Acer\Desktop\CppML\ML\include\timer.h(31,25): warning C4244: 'return': conversion from '_Rep' to 'float', possible loss of data
          with
          [
              _Rep=__int64
          ]
C:\Users\Acer\Desktop\CppML\ML\include\timer.h(30): message : while compiling class template member function 'float qlm::Timer<qlm::usec>::Duration(void) const'
C:\Users\Acer\Desktop\CppML\ML\test\include\test_utils.h(70): message : see reference to function template instantiation 'float qlm::Timer<qlm::usec>::Duration(void) const' being compiled
C:\Users\Acer\Desktop\CppML\ML\test\include\test_utils.h(70): message : see reference to class template instantiation 'qlm::Timer<qlm::usec>' being compiled
  Test_MatrixVectorMul.cpp
C:\Users\Acer\Desktop\CppML\ML\include\timer.h(31,25): warning C4244: 'return': conversion from '_Rep' to 'float', possible loss of data
          with
          [
              _Rep=__int64
          ]
C:\Users\Acer\Desktop\CppML\ML\include\timer.h(30): message : while compiling class template member function 'float qlm::Timer<qlm::usec>::Duration(void) const'
C:\Users\Acer\Desktop\CppML\ML\test\include\test_utils.h(70): message : see reference to function template instantiation 'float qlm::Timer<qlm::usec>::Duration(void) const' being compiled
C:\Users\Acer\Desktop\CppML\ML\test\include\test_utils.h(70): message : see reference to class template instantiation 'qlm::Timer<qlm::usec>' being compiled
  Test_MatrixVectorSub.cpp
C:\Users\Acer\Desktop\CppML\ML\include\timer.h(31,25): warning C4244: 'return': conversion from '_Rep' to 'float', possible loss of data
          with
          [
              _Rep=__int64
          ]
C:\Users\Acer\Desktop\CppML\ML\include\timer.h(30): message : while compiling class template member function 'float qlm::Timer<qlm::usec>::Duration(void) const'
C:\Users\Acer\Desktop\CppML\ML\test\include\test_utils.h(70): message : see reference to function template instantiation 'float qlm::Timer<qlm::usec>::Duration(void) const' being compiled
C:\Users\Acer\Desktop\CppML\ML\test\include\test_utils.h(70): message : see reference to class template instantiation 'qlm::Timer<qlm::usec>' being compiled
  Generating Code...
  Compiling...
  Test_VectorAdd.cpp
C:\Users\Acer\Desktop\CppML\ML\include\timer.h(31,25): warning C4244: 'return': conversion from '_Rep' to 'float', possible loss of data
          with
          [
              _Rep=__int64
          ]
C:\Users\Acer\Desktop\CppML\ML\include\timer.h(30): message : while compiling class template member function 'float qlm::Timer<qlm::usec>::Duration(void) const'
C:\Users\Acer\Desktop\CppML\ML\test\include\test_utils.h(70): message : see reference to function template instantiation 'float qlm::Timer<qlm::usec>::Duration(void) const' being compiled
C:\Users\Acer\Desktop\CppML\ML\test\include\test_utils.h(70): message : see reference to class template instantiation 'qlm::Timer<qlm::usec>' being compiled
  Test_VectorDiv.cpp
C:\Users\Acer\Desktop\CppML\ML\include\timer.h(31,25): warning C4244: 'return': conversion from '_Rep' to 'float', possible loss of data
          with
          [
              _Rep=__int64
          ]
C:\Users\Acer\Desktop\CppML\ML\include\timer.h(30): message : while compiling class template member function 'float qlm::Timer<qlm::usec>::Duration(void) const'
C:\Users\Acer\Desktop\CppML\ML\test\include\test_utils.h(70): message : see reference to function template instantiation 'float qlm::Timer<qlm::usec>::Duration(void) const' being compiled
C:\Users\Acer\Desktop\CppML\ML\test\include\test_utils.h(70): message : see reference to class template instantiation 'qlm::Timer<qlm::usec>' being compiled
  Test_VectorDot.cpp
C:\Users\Acer\Desktop\CppML\ML\include\timer.h(31,25): warning C4244: 'return': conversion from '_Rep' to 'float', possible loss of data
          with
          [
              _Rep=__int64
          ]
C:\Users\Acer\Desktop\CppML\ML\include\timer.h(30): message : while compiling class template member function 'float qlm::Timer<qlm::usec>::Duration(void) const'
C:\Users\Acer\Desktop\CppML\ML\test\include\test_utils.h(70): message : see reference to function template instantiation 'float qlm::Timer<qlm::usec>::Duration(void) const' being compiled
C:\Users\Acer\Desktop\CppML\ML\test\include\test_utils.h(70): message : see reference to class template instantiation 'qlm::Timer<qlm::usec>' being compiled
  Test_VectorMul.cpp
C:\Users\Acer\Desktop\CppML\ML\include\timer.h(31,25): warning C4244: 'return': conversion from '_Rep' to 'float', possible loss of data
          with
          [
              _Rep=__int64
          ]
C:\Users\Acer\Desktop\CppML\ML\include\timer.h(30): message : while compiling class template member function 'float qlm::Timer<qlm::usec>::Duration(void) const'
C:\Users\Acer\Desktop\CppML\ML\test\include\test_utils.h(70): message : see reference to function template instantiation 'float qlm::Timer<qlm::usec>::Duration(void) const' being compiled
C:\Users\Acer\Desktop\CppML\ML\test\include\test_utils.h(70): message : see reference to class template instantiation 'qlm::Timer<qlm::usec>' being compiled
  Test_VectorScalarAdd.cpp
C:\Users\Acer\Desktop\CppML\ML\include\timer.h(31,25): warning C4244: 'return': conversion from '_Rep' to 'float', possible loss of data
          with
          [
              _Rep=__int64
          ]
C:\Users\Acer\Desktop\CppML\ML\include\timer.h(30): message : while compiling class template member function 'float qlm::Timer<qlm::usec>::Duration(void) const'
C:\Users\Acer\Desktop\CppML\ML\test\include\test_utils.h(70): message : see reference to function template instantiation 'float qlm::Timer<qlm::usec>::Duration(void) const' being compiled
C:\Users\Acer\Desktop\CppML\ML\test\include\test_utils.h(70): message : see reference to class template instantiation 'qlm::Timer<qlm::usec>' being compiled
  Test_VectorScalarDiv.cpp
C:\Users\Acer\Desktop\CppML\ML\include\timer.h(31,25): warning C4244: 'return': conversion from '_Rep' to 'float', possible loss of data
          with
          [
              _Rep=__int64
          ]
C:\Users\Acer\Desktop\CppML\ML\include\timer.h(30): message : while compiling class template member function 'float qlm::Timer<qlm::usec>::Duration(void) const'
C:\Users\Acer\Desktop\CppML\ML\test\include\test_utils.h(70): message : see reference to function template instantiation 'float qlm::Timer<qlm::usec>::Duration(void) const' being compiled
C:\Users\Acer\Desktop\CppML\ML\test\include\test_utils.h(70): message : see reference to class template instantiation 'qlm::Timer<qlm::usec>' being compiled
  Test_VectorScalarMul.cpp
C:\Users\Acer\Desktop\CppML\ML\include\timer.h(31,25): warning C4244: 'return': conversion from '_Rep' to 'float', possible loss of data
          with
          [
              _Rep=__int64
          ]
C:\Users\Acer\Desktop\CppML\ML\include\timer.h(30): message : while compiling class template member function 'float qlm::Timer<qlm::usec>::Duration(void) const'
C:\Users\Acer\Desktop\CppML\ML\test\include\test_utils.h(70): message : see reference to function template instantiation 'float qlm::Timer<qlm::usec>::Duration(void) const' being compiled
C:\Users\Acer\Desktop\CppML\ML\test\include\test_utils.h(70): message : see reference to class template instantiation 'qlm::Timer<qlm::usec>' being compiled
  Test_VectorScalarSub.cpp
C:\Users\Acer\Desktop\CppML\ML\include\timer.h(31,25): warning C4244: 'return': conversion from '_Rep' to 'float', possible loss of data
          with
          [
              _Rep=__int64
          ]
C:\Users\Acer\Desktop\CppML\ML\include\timer.h(30): message : while compiling class template member function 'float qlm::Timer<qlm::usec>::Duration(void) const'
C:\Users\Acer\Desktop\CppML\ML\test\include\test_utils.h(70): message : see reference to function template instantiation 'float qlm::Timer<qlm::usec>::Duration(void) const' being compiled
C:\Users\Acer\Desktop\CppML\ML\test\include\test_utils.h(70): message : see reference to class template instantiation 'qlm::Timer<qlm::usec>' being compiled
  Test_VectorSub.cpp
C:\Users\Acer\Desktop\CppML\ML\include\timer.h(31,25): warning C4244: 'return': conversion from '_Rep' to 'float', possible loss of data
          with
          [
              _Rep=__int64
          ]
C:\Users\Acer\Desktop\CppML\ML\include\timer.h(30): message : while compiling class template member function 'float qlm::Timer<qlm::usec>::Duration(void) const'
C:\Users\Acer\Desktop\CppML\ML\test\include\test_utils.h(70): message : see reference to function template instantiation 'float qlm::Timer<qlm::usec>::Duration(void) const' being compiled
C:\Users\Acer\Desktop\CppML\ML\test\include\test_utils.h(70): message : see reference to class template instantiation 'qlm::Timer<qlm::usec>' being compiled
  Generating Code...
  ML.vcxproj -> C:\Users\Acer\Desktop\CppML\x64\Debug\ML.exe
